  Movie.cpp
C:\Users\Laptop\source\repos\Pb3_Tema2.OOP\Movie.cpp(15,5): error C4996: 'strncpy': This function or variable may be unsafe. Consider using strncpy_s instead. To disable deprecation, use _CRT_SECURE_NO_WARNINGS. See online help for details.
C:\Users\Laptop\source\repos\Pb3_Tema2.OOP\Movie.cpp(58,15): error C4996: 'localtime': This function or variable may be unsafe. Consider using localtime_s instead. To disable deprecation, use _CRT_SECURE_NO_WARNINGS. See online help for details.
  MovieCompare.cpp
  MovieSeries.cpp
  Pb3_Tema2.OOP.cpp
C:\Users\Laptop\source\repos\Pb3_Tema2.OOP\Pb3_Tema2.OOP.cpp(3,5): error C2065: 'Movie': undeclared identifier
C:\Users\Laptop\source\repos\Pb3_Tema2.OOP\Pb3_Tema2.OOP.cpp(3,11): error C2146: syntax error: missing ';' before identifier 'ep5'
C:\Users\Laptop\source\repos\Pb3_Tema2.OOP\Pb3_Tema2.OOP.cpp(3,11): error C2065: 'ep5': undeclared identifier
C:\Users\Laptop\source\repos\Pb3_Tema2.OOP\Pb3_Tema2.OOP.cpp(4,5): error C2065: 'ep5': undeclared identifier
C:\Users\Laptop\source\repos\Pb3_Tema2.OOP\Pb3_Tema2.OOP.cpp(5,5): error C2065: 'ep5': undeclared identifier
C:\Users\Laptop\source\repos\Pb3_Tema2.OOP\Pb3_Tema2.OOP.cpp(6,5): error C2065: 'ep5': undeclared identifier
C:\Users\Laptop\source\repos\Pb3_Tema2.OOP\Pb3_Tema2.OOP.cpp(7,5): error C2065: 'ep5': undeclared identifier
C:\Users\Laptop\source\repos\Pb3_Tema2.OOP\Pb3_Tema2.OOP.cpp(9,5): error C2065: 'Movie': undeclared identifier
C:\Users\Laptop\source\repos\Pb3_Tema2.OOP\Pb3_Tema2.OOP.cpp(9,11): error C2146: syntax error: missing ';' before identifier 'ep4'
C:\Users\Laptop\source\repos\Pb3_Tema2.OOP\Pb3_Tema2.OOP.cpp(9,11): error C2065: 'ep4': undeclared identifier
C:\Users\Laptop\source\repos\Pb3_Tema2.OOP\Pb3_Tema2.OOP.cpp(10,5): error C2065: 'ep4': undeclared identifier
C:\Users\Laptop\source\repos\Pb3_Tema2.OOP\Pb3_Tema2.OOP.cpp(11,5): error C2065: 'ep4': undeclared identifier
C:\Users\Laptop\source\repos\Pb3_Tema2.OOP\Pb3_Tema2.OOP.cpp(12,5): error C2065: 'ep4': undeclared identifier
C:\Users\Laptop\source\repos\Pb3_Tema2.OOP\Pb3_Tema2.OOP.cpp(13,5): error C2065: 'ep4': undeclared identifier
C:\Users\Laptop\source\repos\Pb3_Tema2.OOP\Pb3_Tema2.OOP.cpp(15,5): error C2065: 'Movie': undeclared identifier
C:\Users\Laptop\source\repos\Pb3_Tema2.OOP\Pb3_Tema2.OOP.cpp(15,11): error C2146: syntax error: missing ';' before identifier 'ep6'
C:\Users\Laptop\source\repos\Pb3_Tema2.OOP\Pb3_Tema2.OOP.cpp(15,11): error C2065: 'ep6': undeclared identifier
C:\Users\Laptop\source\repos\Pb3_Tema2.OOP\Pb3_Tema2.OOP.cpp(16,5): error C2065: 'ep6': undeclared identifier
C:\Users\Laptop\source\repos\Pb3_Tema2.OOP\Pb3_Tema2.OOP.cpp(17,5): error C2065: 'ep6': undeclared identifier
C:\Users\Laptop\source\repos\Pb3_Tema2.OOP\Pb3_Tema2.OOP.cpp(18,5): error C2065: 'ep6': undeclared identifier
C:\Users\Laptop\source\repos\Pb3_Tema2.OOP\Pb3_Tema2.OOP.cpp(19,5): error C2065: 'ep6': undeclared identifier
C:\Users\Laptop\source\repos\Pb3_Tema2.OOP\Pb3_Tema2.OOP.cpp(30,20): error C2065: 'ep4': undeclared identifier
C:\Users\Laptop\source\repos\Pb3_Tema2.OOP\Pb3_Tema2.OOP.cpp(30,25): error C2065: 'ep5': undeclared identifier
C:\Users\Laptop\source\repos\Pb3_Tema2.OOP\Pb3_Tema2.OOP.cpp(30,1): error C3861: 'movie_compare_name': identifier not found
C:\Users\Laptop\source\repos\Pb3_Tema2.OOP\Pb3_Tema2.OOP.cpp(31,20): error C2065: 'ep4': undeclared identifier
C:\Users\Laptop\source\repos\Pb3_Tema2.OOP\Pb3_Tema2.OOP.cpp(31,25): error C2065: 'ep5': undeclared identifier
C:\Users\Laptop\source\repos\Pb3_Tema2.OOP\Pb3_Tema2.OOP.cpp(31,1): error C3861: 'movie_compare_year': identifier not found
C:\Users\Laptop\source\repos\Pb3_Tema2.OOP\Pb3_Tema2.OOP.cpp(32,21): error C2065: 'ep4': undeclared identifier
C:\Users\Laptop\source\repos\Pb3_Tema2.OOP\Pb3_Tema2.OOP.cpp(32,26): error C2065: 'ep5': undeclared identifier
C:\Users\Laptop\source\repos\Pb3_Tema2.OOP\Pb3_Tema2.OOP.cpp(32,1): error C3861: 'movie_compare_score': identifier not found
C:\Users\Laptop\source\repos\Pb3_Tema2.OOP\Pb3_Tema2.OOP.cpp(33,22): error C2065: 'ep4': undeclared identifier
C:\Users\Laptop\source\repos\Pb3_Tema2.OOP\Pb3_Tema2.OOP.cpp(33,27): error C2065: 'ep5': undeclared identifier
C:\Users\Laptop\source\repos\Pb3_Tema2.OOP\Pb3_Tema2.OOP.cpp(33,1): error C3861: 'movie_compare_length': identifier not found
C:\Users\Laptop\source\repos\Pb3_Tema2.OOP\Pb3_Tema2.OOP.cpp(34,28): error C2065: 'ep4': undeclared identifier
C:\Users\Laptop\source\repos\Pb3_Tema2.OOP\Pb3_Tema2.OOP.cpp(34,33): error C2065: 'ep5': undeclared identifier
C:\Users\Laptop\source\repos\Pb3_Tema2.OOP\Pb3_Tema2.OOP.cpp(34,1): error C3861: 'movie_compare_passed_years': identifier not found
C:\Users\Laptop\source\repos\Pb3_Tema2.OOP\Pb3_Tema2.OOP.cpp(21,5): error C3861: 'printf': identifier not found
C:\Users\Laptop\source\repos\Pb3_Tema2.OOP\Pb3_Tema2.OOP.cpp(36,5): error C2065: 'MovieSeries': undeclared identifier
C:\Users\Laptop\source\repos\Pb3_Tema2.OOP\Pb3_Tema2.OOP.cpp(36,17): error C2146: syntax error: missing ';' before identifier 'series'
C:\Users\Laptop\source\repos\Pb3_Tema2.OOP\Pb3_Tema2.OOP.cpp(36,17): error C2065: 'series': undeclared identifier
C:\Users\Laptop\source\repos\Pb3_Tema2.OOP\Pb3_Tema2.OOP.cpp(37,5): error C2065: 'series': undeclared identifier
C:\Users\Laptop\source\repos\Pb3_Tema2.OOP\Pb3_Tema2.OOP.cpp(38,5): error C2065: 'series': undeclared identifier
C:\Users\Laptop\source\repos\Pb3_Tema2.OOP\Pb3_Tema2.OOP.cpp(38,17): error C2065: 'ep5': undeclared identifier
C:\Users\Laptop\source\repos\Pb3_Tema2.OOP\Pb3_Tema2.OOP.cpp(39,5): error C2065: 'series': undeclared identifier
C:\Users\Laptop\source\repos\Pb3_Tema2.OOP\Pb3_Tema2.OOP.cpp(39,17): error C2065: 'ep4': undeclared identifier
C:\Users\Laptop\source\repos\Pb3_Tema2.OOP\Pb3_Tema2.OOP.cpp(40,5): error C2065: 'series': undeclared identifier
C:\Users\Laptop\source\repos\Pb3_Tema2.OOP\Pb3_Tema2.OOP.cpp(40,17): error C2065: 'ep6': undeclared identifier
C:\Users\Laptop\source\repos\Pb3_Tema2.OOP\Pb3_Tema2.OOP.cpp(42,5): error C2065: 'series': undeclared identifier
C:\Users\Laptop\source\repos\Pb3_Tema2.OOP\Pb3_Tema2.OOP.cpp(43,5): error C2065: 'series': undeclared identifier
  Generating Code...
